
ROM used:   3170/32768 (10%)
            3170/32768 (10%) including unused fragments

            2.7 Average locations per line
            44.0 Average locations per statement

RAM used:   11/1536 (1%) at main() level
            40/1536 (3%) worst case

Stack used: 5 worst case (5 in main + 0 for interrupts)
Stack size: 31

Lines Stmts  %   Files
----- ----- ---  -----
   46    16  22  TEMP_RS232.c
  834     0   0  ..\..\..\..\Programas_varios\Microchip\PICC\devices\18F25k20.h
  238    45  62  flex_lcd.c
   72    11  15  sensor_TC77.h
----- -----
 1190    72 Total

Page ROM  %  RAM    Vol Diff  Functions:
---- --- --- ---    --- ----  ----------
0     40   1    1             @delay_ms1
0     20   0    0             @const637
0     62   1    1    326  2.8  lcd_send_nibble
0     60   1    3    235  3.8  lcd_send_byte
0     80   1    2    380  4.7  lcd_init
0     34   1    4    186  5.5  lcd_gotoxy
0     66   1    1    272  4.1  lcd_putc
0    304   5   20    634  5.6  Temperatura
0     74   1    2             @SITOF
0    242   4   11             @MULFF
0     56   1    2             @ITOF
0    618  10   16             @ADDFF
0    306   5    4    431  2.3  MAIN
0     16   0    0             @const679
0     32   1    2             @PSTRINGC_651
0     18   0    0             @const684
0     32   1    3             @PSTRINGCN_651
0     62   1    5             @FTOSD
0    142   2   13             @DIV3232
0    442   7   13             @PRINTF_L32D_651FPFPFR
0     26   0    0             @const695
0     32   1    3             @PSTRINGCN_9600_31766_31767
0    386   6   13             @PRINTF_L32D_9600_31766_31767FPFPF
0     16   0    0             @const701
 Inline         0             @cinit1

Program metrics:
    Functions               7
    Statements              72
    Comments                232
    Volume (V)              3766
    Difficulty (D)          26.6
    Effort to implement (E) 99997
    Time to implement (T)   1 hours, 33 minutes
    Est Delivered Bugs (B)  1
    Cyclomatic Complexity   8
    Maintainability (MI)    125

 Segment     Used  Free
-----------  ----  ----
00000-00002     4  0  
00004-07FFE  3166  29598  



